<?xml version="1.0" encoding="UTF-8"?>
<!--
   Licensed to the Apache Software Foundation (ASF) under one
   or more contributor license agreements.  See the NOTICE file
   distributed with this work for additional information
   regarding copyright ownership.  The ASF licenses this file
   to you under the Apache License, Version 2.0 (the
   "License"); you may not use this file except in compliance
   with the License.  You may obtain a copy of the License at

     https://www.apache.org/licenses/LICENSE-2.0

   Unless required by applicable law or agreed to in writing,
   software distributed under the License is distributed on an
   "AS IS" BASIS, WITHOUT WARRANTIES OR CONDITIONS OF ANY
   KIND, either express or implied.  See the License for the
   specific language governing permissions and limitations
   under the License.
-->
<ivy-module version="2.0" xmlns:m="http://ant.apache.org/ivy/maven">
	<info organisation="org.apache"
		module="test-depMgt"
		revision="1.0"
		status="release"
		publication="20140429153143"
	>
		<description homepage="http://ivy.jayasoft.org/" />
		<m:properties__commons.logging.version>1.0.4</m:properties__commons.logging.version>
		<m:properties__commons.collections.version>1.0.5</m:properties__commons.collections.version>
		<m:dependency.management__commons-logging__commons-logging__defaultclassifier__version>1.0.4</m:dependency.management__commons-logging__commons-logging__defaultclassifier__version>
		<m:dependency.management__commons-collections__commons-collections__defaultclassifier__version>1.0.5</m:dependency.management__commons-collections__commons-collections__defaultclassifier__version>
		<m:dependency.management__commons-collections__commons-collections__defaultclassifier__exclusion_0>javax.mail__mail</m:dependency.management__commons-collections__commons-collections__defaultclassifier__exclusion_0>
		<m:dependency.management__commons-collections__commons-collections__defaultclassifier__exclusion_1>javax.jms__jms</m:dependency.management__commons-collections__commons-collections__defaultclassifier__exclusion_1>
	</info>
	<configurations>
		<conf name="default" visibility="public" description="runtime dependencies and master artifact can be used with this conf" extends="runtime,master"/>
		<conf name="master" visibility="public" description="contains only the artifact published by this module itself, with no transitive dependencies"/>
		<conf name="compile" visibility="public" description="this is the default scope, used if none is specified. Compile dependencies are available in all classpaths."/>
		<conf name="provided" visibility="public" description="this is much like compile, but indicates you expect the JDK or a container to provide it. It is only available on the compilation classpath, and is not transitive."/>
		<conf name="runtime" visibility="public" description="this scope indicates that the dependency is not required for compilation, but is for execution. It is in the runtime and test classpaths, but not the compile classpath." extends="compile"/>
		<conf name="test" visibility="public" description="this scope indicates that the dependency is not required for normal use of the application, and is only available for the test compilation and execution phases." extends="runtime"/>
		<conf name="system" visibility="public" description="this scope is similar to provided except that you have to provide the JAR which contains it explicitly. The artifact is always available and is not looked up in a repository."/>
		<conf name="sources" visibility="public" description="this configuration contains the source artifact of this module, if any."/>
		<conf name="javadoc" visibility="public" description="this configuration contains the javadoc artifact of this module, if any."/>
		<conf name="optional" visibility="public" description="contains all optional dependencies"/>
	</configurations>
	<publications>
		<artifact name="test-depMgt" type="jar" ext="jar" conf="master"/>
	</publications>
	<dependencies>
		<dependency org="commons-logging" name="commons-logging" rev="1.0.4" force="true" conf="compile->compile(*),master(*);runtime->runtime(*)"/>
		<override org="commons-logging" module="commons-logging" matcher="exact" rev="1.0.4"/>
		<override org="commons-collections" module="commons-collections" matcher="exact" rev="1.0.5"/>
	</dependencies>
</ivy-module>
